<?xml version="1.0" encoding="UTF-8"?>
<testng-results ignored="0" total="1" passed="1" failed="0" skipped="0">
  <reporter-output>
  </reporter-output>
  <suite started-at="2020-04-29T13:31:29Z" name="All Test Suite" finished-at="2020-04-29T13:31:46Z" duration-ms="17162">
    <groups>
    </groups>
    <test started-at="2020-04-29T13:31:29Z" name="SimpleTest" finished-at="2020-04-29T13:31:46Z" duration-ms="17162">
      <class name="com.practice.SimpleSeleniumTest">
        <test-method signature="TestMethod()[pri:0, instance:com.practice.SimpleSeleniumTest@3e77a1ed]" started-at="2020-04-29T13:31:29Z" name="TestMethod" finished-at="2020-04-29T13:31:46Z" duration-ms="17129" status="PASS">
          <reporter-output>
          </reporter-output>
        </test-method> <!-- TestMethod -->
      </class> <!-- com.practice.SimpleSeleniumTest -->
    </test> <!-- SimpleTest -->
  </suite> <!-- All Test Suite -->
</testng-results>
